2019-06-22 21:08:30,910 - root - DEBUG - Working with 201009 month
2019-06-22 21:11:42,740 - root - DEBUG - Working with 201008 month
2019-06-22 21:12:32,316 - root - DEBUG - Working with 201009 month
2019-06-22 21:13:19,523 - root - DEBUG - Working with disease Impairment level of vision with total 0 prescriptions
2019-06-22 21:13:20,372 - root - DEBUG - Working with disease Backache with total 2866 prescriptions
2019-06-22 21:13:21,271 - root - DEBUG - Working with disease Dyssomnia with total 0 prescriptions
2019-06-22 21:13:22,120 - root - DEBUG - Working with disease Loss of hair with total 0 prescriptions
2019-06-22 21:13:22,964 - root - DEBUG - Working with disease Mood swings with total 0 prescriptions
2019-06-22 21:13:23,803 - root - DEBUG - Working with disease Tired with total 0 prescriptions
2019-06-22 21:13:24,643 - root - DEBUG - Working with disease Weight gain with total 0 prescriptions
2019-06-22 21:13:25,487 - root - DEBUG - Working with disease Emotional upset with total 0 prescriptions
2019-06-22 21:13:26,338 - root - DEBUG - Working with disease Disorientated with total 0 prescriptions
2019-06-22 21:13:27,191 - root - DEBUG - Working with disease Clouded consciousness with total 0 prescriptions
2019-06-22 21:13:28,041 - root - DEBUG - Working with disease Stomach ache with total 0 prescriptions
2019-06-22 21:13:28,890 - root - DEBUG - Working with disease Increased thirst with total 0 prescriptions
2019-06-22 21:13:29,740 - root - DEBUG - Working with disease Sleep deprivation with total 0 prescriptions
2019-06-22 21:13:30,606 - root - DEBUG - Working with disease Heartburn with total 14486 prescriptions
2019-06-22 21:13:31,608 - root - DEBUG - Working with disease Abdominal pain with total 0 prescriptions
2019-06-22 21:13:32,463 - root - DEBUG - Working with disease Swelling with total 0 prescriptions
2019-06-22 21:13:33,338 - root - DEBUG - Working with disease Feeling agitated with total 0 prescriptions
2019-06-22 21:13:34,184 - root - DEBUG - Working with disease Impairment of balance with total 0 prescriptions
2019-06-22 21:13:35,033 - root - DEBUG - Working with disease Paresthesia with total 0 prescriptions
2019-06-22 21:13:35,874 - root - DEBUG - Working with disease Blurring of visual image with total 0 prescriptions
2019-06-22 21:13:36,738 - root - DEBUG - Working with disease Feeling angry with total 0 prescriptions
2019-06-22 21:13:37,584 - root - DEBUG - Working with disease Loss of appetite with total 0 prescriptions
2019-06-22 21:13:38,438 - root - DEBUG - Working with disease Pain with total 0 prescriptions
2019-06-22 21:13:39,301 - root - DEBUG - Working with disease Tremor with total 5198 prescriptions
2019-06-22 21:13:40,231 - root - DEBUG - Working with disease Rectal hemorrhage with total 0 prescriptions
2019-06-22 21:13:41,094 - root - DEBUG - Working with disease Abnormal gait with total 0 prescriptions
2019-06-22 21:13:41,970 - root - DEBUG - Working with disease Impotence with total 53686 prescriptions
2019-06-22 21:13:43,246 - root - DEBUG - Working with disease Eruption of skin with total 0 prescriptions
2019-06-22 21:13:44,109 - root - DEBUG - Working with disease Feeling hopeless with total 0 prescriptions
2019-06-22 21:13:44,979 - root - DEBUG - Working with disease Indigestion with total 0 prescriptions
2019-06-22 21:13:45,834 - root - DEBUG - Working with disease Parkinson's disease with total 43197 prescriptions
2019-06-22 21:13:47,017 - root - DEBUG - Working with disease Trigeminal neuralgia with total 0 prescriptions
2019-06-22 21:13:47,855 - root - DEBUG - Working with disease Bowel dysfunction with total 0 prescriptions
2019-06-22 21:13:48,704 - root - DEBUG - Working with disease Parkinsonism with total 8934 prescriptions
2019-06-22 21:13:49,661 - root - DEBUG - Working with disease Delusional disorder with total 0 prescriptions
2019-06-22 21:13:50,572 - root - DEBUG - Working with disease Muscle pain with total 88390 prescriptions
2019-06-22 21:13:52,065 - root - DEBUG - Working with disease Restlessness with total 4098 prescriptions
2019-06-22 21:13:52,955 - root - DEBUG - Working with disease Malaise with total 0 prescriptions
2019-06-22 21:13:53,795 - root - DEBUG - Working with disease Thoughts of self harm with total 0 prescriptions
2019-06-22 21:13:54,648 - root - DEBUG - Working with disease Dementia with total 48747 prescriptions
2019-06-22 21:13:55,916 - root - DEBUG - Working with disease Depressive disorder with total 88080 prescriptions
2019-06-22 21:13:57,393 - root - DEBUG - Working with disease Hypothyroidism with total 35434 prescriptions
2019-06-22 21:13:58,518 - root - DEBUG - Working with disease Reduced mobility with total 737 prescriptions
2019-06-22 21:13:59,352 - root - DEBUG - Working with disease Jaundice with total 0 prescriptions
2019-06-22 21:14:00,203 - root - DEBUG - Working with disease Lack of energy with total 0 prescriptions
2019-06-22 21:14:01,060 - root - DEBUG - Working with disease Joint pain with total 80054 prescriptions
2019-06-22 21:14:02,507 - root - DEBUG - Working with disease Vertigo with total 17305 prescriptions
2019-06-22 21:14:03,603 - root - DEBUG - Working with disease Headache with total 325785 prescriptions
2019-06-22 21:14:09,766 - root - DEBUG - Working with disease Tinnitus with total 0 prescriptions
2019-06-22 21:14:10,613 - root - DEBUG - Working with disease Decrease in appetite with total 0 prescriptions
2019-06-22 21:14:11,469 - root - DEBUG - Working with disease Insomnia with total 70148 prescriptions
2019-06-22 21:14:12,829 - root - DEBUG - Working with disease Multiple sclerosis with total 2171 prescriptions
2019-06-22 21:14:13,733 - root - DEBUG - Working with disease Dry skin with total 160103 prescriptions
2019-06-22 21:14:16,471 - root - DEBUG - Working with disease Blood in urine with total 0 prescriptions
2019-06-22 21:14:17,326 - root - DEBUG - Working with disease Increased frequency of urination with total 0 prescriptions
2019-06-22 21:14:18,185 - root - DEBUG - Working with disease Muscle weakness with total 0 prescriptions
2019-06-22 21:14:19,060 - root - DEBUG - Working with disease Itching with total 31332 prescriptions
2019-06-22 21:14:20,253 - root - DEBUG - Working with disease Hypersomnia with total 0 prescriptions
2019-06-22 21:14:21,094 - root - DEBUG - Working with disease Sharp pain with total 0 prescriptions
2019-06-22 21:14:21,959 - root - DEBUG - Working with disease Hoarse with total 0 prescriptions
2019-06-22 21:14:22,810 - root - DEBUG - Working with disease Swollen abdomen with total 0 prescriptions
2019-06-22 21:14:23,662 - root - DEBUG - Working with disease Loss of interest with total 0 prescriptions
2019-06-22 21:14:24,519 - root - DEBUG - Working with disease Forgetful with total 0 prescriptions
2019-06-22 21:14:25,403 - root - DEBUG - Working with disease Pins and needles with total 0 prescriptions
2019-06-22 21:14:26,248 - root - DEBUG - Working with disease Irritable bowel syndrome with total 0 prescriptions
2019-06-22 21:14:27,090 - root - DEBUG - Working with disease Weight loss with total 9409 prescriptions
2019-06-22 21:14:28,091 - root - DEBUG - Working with disease Chronic pain with total 148669 prescriptions
2019-06-22 21:14:30,569 - root - DEBUG - Working with disease Lethargy with total 0 prescriptions
2019-06-22 21:14:31,420 - root - DEBUG - Working with disease Depressed mood with total 0 prescriptions
2019-06-22 21:14:32,270 - root - DEBUG - Working with disease Vomiting with total 0 prescriptions
2019-06-22 21:14:33,136 - root - DEBUG - Working with disease Constipation with total 31499 prescriptions
2019-06-22 21:14:34,261 - root - DEBUG - Working with disease Crying associated with mood with total 0 prescriptions
2019-06-22 21:14:35,116 - root - DEBUG - Working with disease Rheumatoid arthritis with total 0 prescriptions
2019-06-22 21:14:35,970 - root - DEBUG - Working with disease Hallucinations with total 0 prescriptions
2019-06-22 21:14:36,814 - root - DEBUG - Working with disease Increased appetite with total 0 prescriptions
2019-06-22 21:14:37,660 - root - DEBUG - Working with disease Memory impairment with total 0 prescriptions
2019-06-22 21:14:38,518 - root - DEBUG - Working with disease Otalgia with total 0 prescriptions
2019-06-22 21:14:39,422 - root - DEBUG - Working with disease Arthritis with total 296102 prescriptions
2019-06-22 21:14:44,918 - root - DEBUG - Working with disease Scalp itchy with total 0 prescriptions
2019-06-22 21:14:45,763 - root - DEBUG - Working with disease Slurred speech with total 0 prescriptions
2019-06-22 21:14:46,611 - root - DEBUG - Working with disease Frequent defecation with total 0 prescriptions
2019-06-22 21:14:47,466 - root - DEBUG - Working with disease Cannot sleep at all with total 0 prescriptions
2019-06-22 21:14:48,315 - root - DEBUG - Working with disease Pain in pelvis with total 0 prescriptions
2019-06-22 21:14:49,209 - root - DEBUG - Working with disease Fatigue with total 7356 prescriptions
2019-06-22 21:14:50,148 - root - DEBUG - Working with disease Pain in throat with total 0 prescriptions
2019-06-22 21:14:51,021 - root - DEBUG - Working with disease Feeling irritable with total 0 prescriptions
2019-06-22 21:14:51,875 - root - DEBUG - Working with disease Anger reaction with total 0 prescriptions
2019-06-22 21:14:52,726 - root - DEBUG - Working with disease Muscle rigidity with total 0 prescriptions
2019-06-22 21:14:53,585 - root - DEBUG - Working with disease Syncope with total 6419 prescriptions
2019-06-22 21:14:54,534 - root - DEBUG - Working with disease Itching of skin with total 0 prescriptions
2019-06-22 21:14:55,377 - root - DEBUG - Working with disease Chronic fatigue syndrome with total 0 prescriptions
2019-06-22 21:14:56,311 - root - DEBUG - Working with disease Foot pain with total 323699 prescriptions
2019-06-22 21:15:02,432 - root - DEBUG - Working with disease Nausea with total 30201 prescriptions
2019-06-22 21:15:03,555 - root - DEBUG - Working with disease Amnesia with total 0 prescriptions
2019-06-22 21:15:04,409 - root - DEBUG - Working with disease Stiffness with total 0 prescriptions
2019-06-22 21:15:05,264 - root - DEBUG - Working with disease Poor short-term memory with total 0 prescriptions
2019-06-22 21:15:06,109 - root - DEBUG - Working with disease Suicidal with total 213 prescriptions
2019-06-22 21:15:06,954 - root - DEBUG - Working with disease Hearing loss with total 0 prescriptions
2019-06-22 21:15:07,881 - root - DEBUG - Working with disease Fever with total 428881 prescriptions
2019-06-22 21:15:14,125 - root - DEBUG - Working with disease Abdominal bloating with total 0 prescriptions
2019-06-22 21:15:14,966 - root - DEBUG - Working with disease Muscle fatigue with total 0 prescriptions
2019-06-22 21:15:15,806 - root - DEBUG - Working with disease Knee pain with total 0 prescriptions
2019-06-22 21:15:16,652 - root - DEBUG - Working with disease Impaired cognition with total 0 prescriptions
2019-06-22 21:15:17,515 - root - DEBUG - Working with disease Feeling lonely with total 0 prescriptions
2019-06-22 21:15:18,365 - root - DEBUG - Working with disease Difficulty swallowing with total 0 prescriptions
2019-06-22 21:15:19,288 - root - DEBUG - Working with disease Edema with total 350977 prescriptions
2019-06-22 21:15:25,493 - root - DEBUG - Working with disease Asthenia with total 0 prescriptions
2019-06-22 21:15:26,392 - root - DEBUG - Working with disease Urinary incontinence with total 2605 prescriptions
2019-06-22 21:15:27,278 - root - DEBUG - Working with disease Kidney stone with total 21 prescriptions
2019-06-22 21:15:28,138 - root - DEBUG - Working with disease Poor concentration with total 0 prescriptions
2019-06-22 21:15:28,983 - root - DEBUG - Working with disease Abnormal sexual function with total 0 prescriptions
2019-06-22 21:15:29,832 - root - DEBUG - Working with disease Dizziness with total 0 prescriptions
2019-06-22 21:15:30,762 - root - DEBUG - Working with disease Anxiety with total 499649 prescriptions
2019-06-22 21:15:36,758 - root - DEBUG - Working with disease Exhaustion with total 0 prescriptions
2019-06-22 21:15:37,666 - root - DEBUG - Working with disease Diarrhea with total 273789 prescriptions
2019-06-22 21:15:41,456 - root - DEBUG - Working with 201008 month
2019-06-22 21:16:27,440 - root - DEBUG - Working with disease Impairment level of vision with total 0 prescriptions
2019-06-22 21:16:28,268 - root - DEBUG - Working with disease Backache with total 2788 prescriptions
2019-06-22 21:16:29,134 - root - DEBUG - Working with disease Dyssomnia with total 0 prescriptions
2019-06-22 21:16:29,965 - root - DEBUG - Working with disease Loss of hair with total 0 prescriptions
2019-06-22 21:16:30,790 - root - DEBUG - Working with disease Mood swings with total 0 prescriptions
2019-06-22 21:16:31,608 - root - DEBUG - Working with disease Tired with total 0 prescriptions
2019-06-22 21:16:32,426 - root - DEBUG - Working with disease Weight gain with total 0 prescriptions
2019-06-22 21:16:33,273 - root - DEBUG - Working with disease Emotional upset with total 0 prescriptions
2019-06-22 21:16:34,109 - root - DEBUG - Working with disease Disorientated with total 0 prescriptions
2019-06-22 21:16:34,956 - root - DEBUG - Working with disease Clouded consciousness with total 0 prescriptions
2019-06-22 21:16:35,778 - root - DEBUG - Working with disease Stomach ache with total 0 prescriptions
2019-06-22 21:16:36,621 - root - DEBUG - Working with disease Increased thirst with total 0 prescriptions
2019-06-22 21:16:37,485 - root - DEBUG - Working with disease Sleep deprivation with total 0 prescriptions
2019-06-22 21:16:38,363 - root - DEBUG - Working with disease Heartburn with total 14173 prescriptions
2019-06-22 21:16:39,420 - root - DEBUG - Working with disease Abdominal pain with total 0 prescriptions
2019-06-22 21:16:40,305 - root - DEBUG - Working with disease Swelling with total 0 prescriptions
2019-06-22 21:16:41,133 - root - DEBUG - Working with disease Feeling agitated with total 0 prescriptions
2019-06-22 21:16:41,968 - root - DEBUG - Working with disease Impairment of balance with total 0 prescriptions
2019-06-22 21:16:42,794 - root - DEBUG - Working with disease Paresthesia with total 0 prescriptions
2019-06-22 21:16:43,624 - root - DEBUG - Working with disease Blurring of visual image with total 0 prescriptions
2019-06-22 21:16:44,450 - root - DEBUG - Working with disease Feeling angry with total 0 prescriptions
2019-06-22 21:16:45,294 - root - DEBUG - Working with disease Loss of appetite with total 0 prescriptions
2019-06-22 21:16:46,118 - root - DEBUG - Working with disease Pain with total 0 prescriptions
2019-06-22 21:16:46,990 - root - DEBUG - Working with disease Tremor with total 5011 prescriptions
2019-06-22 21:16:47,910 - root - DEBUG - Working with disease Rectal hemorrhage with total 0 prescriptions
2019-06-22 21:16:48,764 - root - DEBUG - Working with disease Abnormal gait with total 0 prescriptions
2019-06-22 21:16:49,619 - root - DEBUG - Working with disease Impotence with total 52346 prescriptions
2019-06-22 21:16:50,844 - root - DEBUG - Working with disease Eruption of skin with total 0 prescriptions
2019-06-22 21:16:51,685 - root - DEBUG - Working with disease Feeling hopeless with total 0 prescriptions
2019-06-22 21:16:52,534 - root - DEBUG - Working with disease Indigestion with total 0 prescriptions
2019-06-22 21:16:53,372 - root - DEBUG - Working with disease Parkinson's disease with total 41972 prescriptions
2019-06-22 21:16:54,540 - root - DEBUG - Working with disease Trigeminal neuralgia with total 0 prescriptions
2019-06-22 21:16:55,382 - root - DEBUG - Working with disease Bowel dysfunction with total 0 prescriptions
2019-06-22 21:16:56,212 - root - DEBUG - Working with disease Parkinsonism with total 8852 prescriptions
2019-06-22 21:16:57,162 - root - DEBUG - Working with disease Delusional disorder with total 0 prescriptions
2019-06-22 21:16:58,037 - root - DEBUG - Working with disease Muscle pain with total 86595 prescriptions
2019-06-22 21:16:59,486 - root - DEBUG - Working with disease Restlessness with total 3938 prescriptions
2019-06-22 21:17:00,355 - root - DEBUG - Working with disease Malaise with total 0 prescriptions
2019-06-22 21:17:01,182 - root - DEBUG - Working with disease Thoughts of self harm with total 0 prescriptions
2019-06-22 21:17:02,039 - root - DEBUG - Working with disease Dementia with total 47723 prescriptions
2019-06-22 21:17:03,314 - root - DEBUG - Working with disease Depressive disorder with total 86210 prescriptions
2019-06-22 21:17:04,800 - root - DEBUG - Working with disease Hypothyroidism with total 34761 prescriptions
2019-06-22 21:17:05,925 - root - DEBUG - Working with disease Reduced mobility with total 696 prescriptions
2019-06-22 21:17:06,751 - root - DEBUG - Working with disease Jaundice with total 0 prescriptions
2019-06-22 21:17:07,586 - root - DEBUG - Working with disease Lack of energy with total 0 prescriptions
2019-06-22 21:17:08,441 - root - DEBUG - Working with disease Joint pain with total 77491 prescriptions
2019-06-22 21:17:09,898 - root - DEBUG - Working with disease Vertigo with total 17190 prescriptions
2019-06-22 21:17:10,983 - root - DEBUG - Working with disease Headache with total 320011 prescriptions
2019-06-22 21:17:17,460 - root - DEBUG - Working with disease Tinnitus with total 0 prescriptions
2019-06-22 21:17:18,291 - root - DEBUG - Working with disease Decrease in appetite with total 0 prescriptions
2019-06-22 21:17:19,132 - root - DEBUG - Working with disease Insomnia with total 68732 prescriptions
2019-06-22 21:17:20,482 - root - DEBUG - Working with disease Multiple sclerosis with total 2055 prescriptions
2019-06-22 21:17:21,382 - root - DEBUG - Working with disease Dry skin with total 155587 prescriptions
2019-06-22 21:17:24,000 - root - DEBUG - Working with disease Blood in urine with total 0 prescriptions
2019-06-22 21:17:24,827 - root - DEBUG - Working with disease Increased frequency of urination with total 0 prescriptions
2019-06-22 21:17:25,661 - root - DEBUG - Working with disease Muscle weakness with total 0 prescriptions
2019-06-22 21:17:26,492 - root - DEBUG - Working with disease Itching with total 32238 prescriptions
2019-06-22 21:17:27,654 - root - DEBUG - Working with disease Hypersomnia with total 0 prescriptions
2019-06-22 21:17:28,487 - root - DEBUG - Working with disease Sharp pain with total 0 prescriptions
2019-06-22 21:17:29,314 - root - DEBUG - Working with disease Hoarse with total 0 prescriptions
2019-06-22 21:17:30,139 - root - DEBUG - Working with disease Swollen abdomen with total 0 prescriptions
2019-06-22 21:17:30,959 - root - DEBUG - Working with disease Loss of interest with total 0 prescriptions
2019-06-22 21:17:31,787 - root - DEBUG - Working with disease Forgetful with total 0 prescriptions
2019-06-22 21:17:32,619 - root - DEBUG - Working with disease Pins and needles with total 0 prescriptions
2019-06-22 21:17:33,455 - root - DEBUG - Working with disease Irritable bowel syndrome with total 0 prescriptions
2019-06-22 21:17:34,289 - root - DEBUG - Working with disease Weight loss with total 9425 prescriptions
2019-06-22 21:17:35,269 - root - DEBUG - Working with disease Chronic pain with total 146472 prescriptions
2019-06-22 21:17:37,752 - root - DEBUG - Working with disease Lethargy with total 0 prescriptions
2019-06-22 21:17:38,578 - root - DEBUG - Working with disease Depressed mood with total 0 prescriptions
2019-06-22 21:17:39,400 - root - DEBUG - Working with disease Vomiting with total 0 prescriptions
2019-06-22 21:17:40,252 - root - DEBUG - Working with disease Constipation with total 30664 prescriptions
2019-06-22 21:17:41,368 - root - DEBUG - Working with disease Crying associated with mood with total 0 prescriptions
2019-06-22 21:17:42,202 - root - DEBUG - Working with disease Rheumatoid arthritis with total 0 prescriptions
2019-06-22 21:17:43,023 - root - DEBUG - Working with disease Hallucinations with total 0 prescriptions
2019-06-22 21:17:43,848 - root - DEBUG - Working with disease Increased appetite with total 0 prescriptions
2019-06-22 21:17:44,672 - root - DEBUG - Working with disease Memory impairment with total 0 prescriptions
2019-06-22 21:17:45,494 - root - DEBUG - Working with disease Otalgia with total 0 prescriptions
2019-06-22 21:17:46,383 - root - DEBUG - Working with disease Arthritis with total 289433 prescriptions
2019-06-22 21:17:51,977 - root - DEBUG - Working with disease Scalp itchy with total 0 prescriptions
2019-06-22 21:17:52,799 - root - DEBUG - Working with disease Slurred speech with total 0 prescriptions
2019-06-22 21:17:53,625 - root - DEBUG - Working with disease Frequent defecation with total 0 prescriptions
2019-06-22 21:17:54,442 - root - DEBUG - Working with disease Cannot sleep at all with total 0 prescriptions
2019-06-22 21:17:55,276 - root - DEBUG - Working with disease Pain in pelvis with total 0 prescriptions
2019-06-22 21:17:56,103 - root - DEBUG - Working with disease Fatigue with total 7266 prescriptions
2019-06-22 21:17:57,025 - root - DEBUG - Working with disease Pain in throat with total 0 prescriptions
2019-06-22 21:17:57,855 - root - DEBUG - Working with disease Feeling irritable with total 0 prescriptions
2019-06-22 21:17:58,684 - root - DEBUG - Working with disease Anger reaction with total 0 prescriptions
2019-06-22 21:17:59,549 - root - DEBUG - Working with disease Muscle rigidity with total 0 prescriptions
2019-06-22 21:18:00,421 - root - DEBUG - Working with disease Syncope with total 5746 prescriptions
2019-06-22 21:18:01,376 - root - DEBUG - Working with disease Itching of skin with total 0 prescriptions
2019-06-22 21:18:02,240 - root - DEBUG - Working with disease Chronic fatigue syndrome with total 0 prescriptions
2019-06-22 21:18:03,151 - root - DEBUG - Working with disease Foot pain with total 315361 prescriptions
2019-06-22 21:18:09,393 - root - DEBUG - Working with disease Nausea with total 29410 prescriptions
2019-06-22 21:18:10,500 - root - DEBUG - Working with disease Amnesia with total 0 prescriptions
2019-06-22 21:18:11,324 - root - DEBUG - Working with disease Stiffness with total 0 prescriptions
2019-06-22 21:18:12,164 - root - DEBUG - Working with disease Poor short-term memory with total 0 prescriptions
2019-06-22 21:18:12,984 - root - DEBUG - Working with disease Suicidal with total 210 prescriptions
2019-06-22 21:18:13,816 - root - DEBUG - Working with disease Hearing loss with total 0 prescriptions
2019-06-22 21:18:14,735 - root - DEBUG - Working with disease Fever with total 415401 prescriptions
2019-06-22 21:18:21,355 - root - DEBUG - Working with disease Abdominal bloating with total 0 prescriptions
2019-06-22 21:18:22,203 - root - DEBUG - Working with disease Muscle fatigue with total 0 prescriptions
2019-06-22 21:18:23,050 - root - DEBUG - Working with disease Knee pain with total 0 prescriptions
2019-06-22 21:18:23,899 - root - DEBUG - Working with disease Impaired cognition with total 0 prescriptions
2019-06-22 21:18:24,735 - root - DEBUG - Working with disease Feeling lonely with total 0 prescriptions
2019-06-22 21:18:25,559 - root - DEBUG - Working with disease Difficulty swallowing with total 0 prescriptions
2019-06-22 21:18:26,470 - root - DEBUG - Working with disease Edema with total 341562 prescriptions
2019-06-22 21:18:32,711 - root - DEBUG - Working with disease Asthenia with total 0 prescriptions
2019-06-22 21:18:33,535 - root - DEBUG - Working with disease Urinary incontinence with total 2536 prescriptions
2019-06-22 21:18:34,408 - root - DEBUG - Working with disease Kidney stone with total 27 prescriptions
2019-06-22 21:18:35,222 - root - DEBUG - Working with disease Poor concentration with total 0 prescriptions
2019-06-22 21:18:36,074 - root - DEBUG - Working with disease Abnormal sexual function with total 0 prescriptions
2019-06-22 21:18:36,923 - root - DEBUG - Working with disease Dizziness with total 0 prescriptions
2019-06-22 21:18:37,856 - root - DEBUG - Working with disease Anxiety with total 490734 prescriptions
2019-06-22 21:18:44,325 - root - DEBUG - Working with disease Exhaustion with total 0 prescriptions
2019-06-22 21:18:45,204 - root - DEBUG - Working with disease Diarrhea with total 268185 prescriptions
2019-06-22 21:18:48,879 - root - DEBUG - Working with 201011 month
2019-06-22 21:19:36,159 - root - DEBUG - Working with disease Impairment level of vision with total 0 prescriptions
2019-06-22 21:19:37,032 - root - DEBUG - Working with disease Backache with total 2787 prescriptions
2019-06-22 21:19:37,915 - root - DEBUG - Working with disease Dyssomnia with total 0 prescriptions
2019-06-22 21:19:38,798 - root - DEBUG - Working with disease Loss of hair with total 0 prescriptions
2019-06-22 21:19:39,663 - root - DEBUG - Working with disease Mood swings with total 0 prescriptions
2019-06-22 21:19:40,514 - root - DEBUG - Working with disease Tired with total 0 prescriptions
2019-06-22 21:19:41,386 - root - DEBUG - Working with disease Weight gain with total 0 prescriptions
2019-06-22 21:19:42,242 - root - DEBUG - Working with disease Emotional upset with total 0 prescriptions
2019-06-22 21:19:43,119 - root - DEBUG - Working with disease Disorientated with total 0 prescriptions
2019-06-22 21:19:43,958 - root - DEBUG - Working with disease Clouded consciousness with total 0 prescriptions
2019-06-22 21:19:44,821 - root - DEBUG - Working with disease Stomach ache with total 0 prescriptions
2019-06-22 21:19:45,671 - root - DEBUG - Working with disease Increased thirst with total 0 prescriptions
2019-06-22 21:19:46,522 - root - DEBUG - Working with disease Sleep deprivation with total 0 prescriptions
2019-06-22 21:19:47,400 - root - DEBUG - Working with disease Heartburn with total 14418 prescriptions
2019-06-22 21:19:48,430 - root - DEBUG - Working with disease Abdominal pain with total 0 prescriptions
2019-06-22 21:19:49,302 - root - DEBUG - Working with disease Swelling with total 0 prescriptions
2019-06-22 21:19:50,172 - root - DEBUG - Working with disease Feeling agitated with total 0 prescriptions
2019-06-22 21:19:51,034 - root - DEBUG - Working with disease Impairment of balance with total 0 prescriptions
2019-06-22 21:19:51,894 - root - DEBUG - Working with disease Paresthesia with total 0 prescriptions
2019-06-22 21:19:52,761 - root - DEBUG - Working with disease Blurring of visual image with total 0 prescriptions
2019-06-22 21:19:53,613 - root - DEBUG - Working with disease Feeling angry with total 0 prescriptions
2019-06-22 21:19:54,481 - root - DEBUG - Working with disease Loss of appetite with total 0 prescriptions
2019-06-22 21:19:55,338 - root - DEBUG - Working with disease Pain with total 0 prescriptions
2019-06-22 21:19:56,200 - root - DEBUG - Working with disease Tremor with total 5061 prescriptions
2019-06-22 21:19:57,124 - root - DEBUG - Working with disease Rectal hemorrhage with total 0 prescriptions
2019-06-22 21:19:57,987 - root - DEBUG - Working with disease Abnormal gait with total 0 prescriptions
2019-06-22 21:19:58,857 - root - DEBUG - Working with disease Impotence with total 53107 prescriptions
2019-06-22 21:20:00,160 - root - DEBUG - Working with disease Eruption of skin with total 0 prescriptions
2019-06-22 21:20:01,022 - root - DEBUG - Working with disease Feeling hopeless with total 0 prescriptions
2019-06-22 21:20:01,879 - root - DEBUG - Working with disease Indigestion with total 0 prescriptions
2019-06-22 21:20:02,765 - root - DEBUG - Working with disease Parkinson's disease with total 43367 prescriptions
2019-06-22 21:20:03,983 - root - DEBUG - Working with disease Trigeminal neuralgia with total 0 prescriptions
2019-06-22 21:20:04,864 - root - DEBUG - Working with disease Bowel dysfunction with total 0 prescriptions
2019-06-22 21:20:05,748 - root - DEBUG - Working with disease Parkinsonism with total 8874 prescriptions
2019-06-22 21:20:06,741 - root - DEBUG - Working with disease Delusional disorder with total 0 prescriptions
2019-06-22 21:20:07,648 - root - DEBUG - Working with disease Muscle pain with total 86131 prescriptions
2019-06-22 21:20:09,177 - root - DEBUG - Working with disease Restlessness with total 4032 prescriptions
2019-06-22 21:20:10,087 - root - DEBUG - Working with disease Malaise with total 0 prescriptions
2019-06-22 21:20:10,960 - root - DEBUG - Working with disease Thoughts of self harm with total 0 prescriptions
2019-06-22 21:20:11,884 - root - DEBUG - Working with disease Dementia with total 48539 prescriptions
2019-06-22 21:20:13,223 - root - DEBUG - Working with disease Depressive disorder with total 87747 prescriptions
2019-06-22 21:20:14,792 - root - DEBUG - Working with disease Hypothyroidism with total 35214 prescriptions
2019-06-22 21:20:15,984 - root - DEBUG - Working with disease Reduced mobility with total 722 prescriptions
2019-06-22 21:20:16,864 - root - DEBUG - Working with disease Jaundice with total 0 prescriptions
2019-06-22 21:20:17,719 - root - DEBUG - Working with disease Lack of energy with total 0 prescriptions
2019-06-22 21:20:18,606 - root - DEBUG - Working with disease Joint pain with total 79397 prescriptions
2019-06-22 21:20:20,126 - root - DEBUG - Working with disease Vertigo with total 17062 prescriptions
2019-06-22 21:20:21,260 - root - DEBUG - Working with disease Headache with total 323818 prescriptions
2019-06-22 21:20:27,957 - root - DEBUG - Working with disease Tinnitus with total 0 prescriptions
2019-06-22 21:20:28,820 - root - DEBUG - Working with disease Decrease in appetite with total 0 prescriptions
2019-06-22 21:20:29,687 - root - DEBUG - Working with disease Insomnia with total 69553 prescriptions
2019-06-22 21:20:31,079 - root - DEBUG - Working with disease Multiple sclerosis with total 2125 prescriptions
2019-06-22 21:20:32,012 - root - DEBUG - Working with disease Dry skin with total 157048 prescriptions
2019-06-22 21:20:35,188 - root - DEBUG - Working with disease Blood in urine with total 0 prescriptions
2019-06-22 21:20:36,023 - root - DEBUG - Working with disease Increased frequency of urination with total 0 prescriptions
2019-06-22 21:20:36,871 - root - DEBUG - Working with disease Muscle weakness with total 0 prescriptions
2019-06-22 21:20:37,769 - root - DEBUG - Working with disease Itching with total 28794 prescriptions
2019-06-22 21:20:38,987 - root - DEBUG - Working with disease Hypersomnia with total 0 prescriptions
2019-06-22 21:20:39,884 - root - DEBUG - Working with disease Sharp pain with total 0 prescriptions
2019-06-22 21:20:40,798 - root - DEBUG - Working with disease Hoarse with total 0 prescriptions
2019-06-22 21:20:41,685 - root - DEBUG - Working with disease Swollen abdomen with total 0 prescriptions
2019-06-22 21:20:42,526 - root - DEBUG - Working with disease Loss of interest with total 0 prescriptions
2019-06-22 21:20:43,401 - root - DEBUG - Working with disease Forgetful with total 0 prescriptions
2019-06-22 21:20:44,269 - root - DEBUG - Working with disease Pins and needles with total 0 prescriptions
2019-06-22 21:20:45,141 - root - DEBUG - Working with disease Irritable bowel syndrome with total 0 prescriptions
2019-06-22 21:20:46,009 - root - DEBUG - Working with disease Weight loss with total 9206 prescriptions
2019-06-22 21:20:47,055 - root - DEBUG - Working with disease Chronic pain with total 147742 prescriptions
2019-06-22 21:20:50,055 - root - DEBUG - Working with disease Lethargy with total 0 prescriptions
2019-06-22 21:20:50,945 - root - DEBUG - Working with disease Depressed mood with total 0 prescriptions
2019-06-22 21:20:51,806 - root - DEBUG - Working with disease Vomiting with total 0 prescriptions
2019-06-22 21:20:52,682 - root - DEBUG - Working with disease Constipation with total 31168 prescriptions
2019-06-22 21:20:53,857 - root - DEBUG - Working with disease Crying associated with mood with total 0 prescriptions
2019-06-22 21:20:54,731 - root - DEBUG - Working with disease Rheumatoid arthritis with total 0 prescriptions
2019-06-22 21:20:55,632 - root - DEBUG - Working with disease Hallucinations with total 0 prescriptions
2019-06-22 21:20:56,534 - root - DEBUG - Working with disease Increased appetite with total 0 prescriptions
2019-06-22 21:20:57,389 - root - DEBUG - Working with disease Memory impairment with total 0 prescriptions
2019-06-22 21:20:58,263 - root - DEBUG - Working with disease Otalgia with total 0 prescriptions
2019-06-22 21:20:59,212 - root - DEBUG - Working with disease Arthritis with total 291740 prescriptions
2019-06-22 21:21:05,236 - root - DEBUG - Working with disease Scalp itchy with total 0 prescriptions
2019-06-22 21:21:06,095 - root - DEBUG - Working with disease Slurred speech with total 0 prescriptions
2019-06-22 21:21:06,990 - root - DEBUG - Working with disease Frequent defecation with total 0 prescriptions
2019-06-22 21:21:07,882 - root - DEBUG - Working with disease Cannot sleep at all with total 0 prescriptions
2019-06-22 21:21:08,762 - root - DEBUG - Working with disease Pain in pelvis with total 0 prescriptions
2019-06-22 21:21:09,662 - root - DEBUG - Working with disease Fatigue with total 7297 prescriptions
2019-06-22 21:21:10,649 - root - DEBUG - Working with disease Pain in throat with total 0 prescriptions
2019-06-22 21:21:11,532 - root - DEBUG - Working with disease Feeling irritable with total 0 prescriptions
2019-06-22 21:21:12,429 - root - DEBUG - Working with disease Anger reaction with total 0 prescriptions
2019-06-22 21:21:13,329 - root - DEBUG - Working with disease Muscle rigidity with total 0 prescriptions
2019-06-22 21:21:14,214 - root - DEBUG - Working with disease Syncope with total 6366 prescriptions
2019-06-22 21:21:15,178 - root - DEBUG - Working with disease Itching of skin with total 0 prescriptions
2019-06-22 21:21:16,050 - root - DEBUG - Working with disease Chronic fatigue syndrome with total 0 prescriptions
2019-06-22 21:21:16,990 - root - DEBUG - Working with disease Foot pain with total 317477 prescriptions
2019-06-22 21:21:23,689 - root - DEBUG - Working with disease Nausea with total 29935 prescriptions
2019-06-22 21:21:24,883 - root - DEBUG - Working with disease Amnesia with total 0 prescriptions
2019-06-22 21:21:25,770 - root - DEBUG - Working with disease Stiffness with total 0 prescriptions
2019-06-22 21:21:26,659 - root - DEBUG - Working with disease Poor short-term memory with total 0 prescriptions
2019-06-22 21:21:27,552 - root - DEBUG - Working with disease Suicidal with total 217 prescriptions
2019-06-22 21:21:28,430 - root - DEBUG - Working with disease Hearing loss with total 0 prescriptions
2019-06-22 21:21:29,400 - root - DEBUG - Working with disease Fever with total 431282 prescriptions
2019-06-22 21:21:36,526 - root - DEBUG - Working with disease Abdominal bloating with total 0 prescriptions
2019-06-22 21:21:37,400 - root - DEBUG - Working with disease Muscle fatigue with total 0 prescriptions
2019-06-22 21:21:38,269 - root - DEBUG - Working with disease Knee pain with total 0 prescriptions
2019-06-22 21:21:39,136 - root - DEBUG - Working with disease Impaired cognition with total 0 prescriptions
2019-06-22 21:21:40,030 - root - DEBUG - Working with disease Feeling lonely with total 0 prescriptions
2019-06-22 21:21:40,893 - root - DEBUG - Working with disease Difficulty swallowing with total 0 prescriptions
2019-06-22 21:21:41,847 - root - DEBUG - Working with disease Edema with total 349208 prescriptions
2019-06-22 21:21:48,558 - root - DEBUG - Working with disease Asthenia with total 0 prescriptions
2019-06-22 21:21:49,410 - root - DEBUG - Working with disease Urinary incontinence with total 2547 prescriptions
2019-06-22 21:21:50,289 - root - DEBUG - Working with disease Kidney stone with total 23 prescriptions
2019-06-22 21:21:51,105 - root - DEBUG - Working with disease Poor concentration with total 0 prescriptions
2019-06-22 21:21:51,919 - root - DEBUG - Working with disease Abnormal sexual function with total 0 prescriptions
2019-06-22 21:21:52,763 - root - DEBUG - Working with disease Dizziness with total 0 prescriptions
2019-06-22 21:21:53,702 - root - DEBUG - Working with disease Anxiety with total 497341 prescriptions
2019-06-22 21:22:00,424 - root - DEBUG - Working with disease Exhaustion with total 0 prescriptions
2019-06-22 21:22:01,300 - root - DEBUG - Working with disease Diarrhea with total 270883 prescriptions
2019-06-22 21:22:04,932 - root - DEBUG - Working with 201010 month
2019-06-22 21:22:49,914 - root - DEBUG - Working with disease Impairment level of vision with total 0 prescriptions
2019-06-22 21:22:50,744 - root - DEBUG - Working with disease Backache with total 2742 prescriptions
2019-06-22 21:22:51,614 - root - DEBUG - Working with disease Dyssomnia with total 0 prescriptions
2019-06-22 21:22:52,450 - root - DEBUG - Working with disease Loss of hair with total 0 prescriptions
2019-06-22 21:22:53,283 - root - DEBUG - Working with disease Mood swings with total 0 prescriptions
2019-06-22 21:22:54,111 - root - DEBUG - Working with disease Tired with total 0 prescriptions
2019-06-22 21:22:54,943 - root - DEBUG - Working with disease Weight gain with total 0 prescriptions
2019-06-22 21:22:55,778 - root - DEBUG - Working with disease Emotional upset with total 0 prescriptions
2019-06-22 21:22:56,612 - root - DEBUG - Working with disease Disorientated with total 0 prescriptions
2019-06-22 21:22:57,440 - root - DEBUG - Working with disease Clouded consciousness with total 0 prescriptions
2019-06-22 21:22:58,261 - root - DEBUG - Working with disease Stomach ache with total 0 prescriptions
2019-06-22 21:22:59,096 - root - DEBUG - Working with disease Increased thirst with total 0 prescriptions
2019-06-22 21:22:59,912 - root - DEBUG - Working with disease Sleep deprivation with total 0 prescriptions
2019-06-22 21:23:00,752 - root - DEBUG - Working with disease Heartburn with total 14318 prescriptions
2019-06-22 21:23:01,751 - root - DEBUG - Working with disease Abdominal pain with total 0 prescriptions
2019-06-22 21:23:02,558 - root - DEBUG - Working with disease Swelling with total 0 prescriptions
2019-06-22 21:23:03,406 - root - DEBUG - Working with disease Feeling agitated with total 0 prescriptions
2019-06-22 21:23:04,241 - root - DEBUG - Working with disease Impairment of balance with total 0 prescriptions
2019-06-22 21:23:05,087 - root - DEBUG - Working with disease Paresthesia with total 0 prescriptions
2019-06-22 21:23:05,912 - root - DEBUG - Working with disease Blurring of visual image with total 0 prescriptions
2019-06-22 21:23:06,759 - root - DEBUG - Working with disease Feeling angry with total 0 prescriptions
2019-06-22 21:23:07,585 - root - DEBUG - Working with disease Loss of appetite with total 0 prescriptions
2019-06-22 21:23:08,425 - root - DEBUG - Working with disease Pain with total 0 prescriptions
2019-06-22 21:23:09,256 - root - DEBUG - Working with disease Tremor with total 5066 prescriptions
2019-06-22 21:23:10,145 - root - DEBUG - Working with disease Rectal hemorrhage with total 0 prescriptions
2019-06-22 21:23:10,977 - root - DEBUG - Working with disease Abnormal gait with total 0 prescriptions
2019-06-22 21:23:11,821 - root - DEBUG - Working with disease Impotence with total 52796 prescriptions
2019-06-22 21:23:13,048 - root - DEBUG - Working with disease Eruption of skin with total 0 prescriptions
2019-06-22 21:23:13,886 - root - DEBUG - Working with disease Feeling hopeless with total 0 prescriptions
2019-06-22 21:23:14,726 - root - DEBUG - Working with disease Indigestion with total 0 prescriptions
2019-06-22 21:23:15,570 - root - DEBUG - Working with disease Parkinson's disease with total 42768 prescriptions
2019-06-22 21:23:16,768 - root - DEBUG - Working with disease Trigeminal neuralgia with total 0 prescriptions
2019-06-22 21:23:17,613 - root - DEBUG - Working with disease Bowel dysfunction with total 0 prescriptions
2019-06-22 21:23:18,446 - root - DEBUG - Working with disease Parkinsonism with total 8851 prescriptions
2019-06-22 21:23:19,427 - root - DEBUG - Working with disease Delusional disorder with total 0 prescriptions
2019-06-22 21:23:20,285 - root - DEBUG - Working with disease Muscle pain with total 85995 prescriptions
2019-06-22 21:23:21,745 - root - DEBUG - Working with disease Restlessness with total 3888 prescriptions
2019-06-22 21:23:22,631 - root - DEBUG - Working with disease Malaise with total 0 prescriptions
2019-06-22 21:23:23,482 - root - DEBUG - Working with disease Thoughts of self harm with total 0 prescriptions
2019-06-22 21:23:24,332 - root - DEBUG - Working with disease Dementia with total 48245 prescriptions
2019-06-22 21:23:25,603 - root - DEBUG - Working with disease Depressive disorder with total 87184 prescriptions
2019-06-22 21:23:27,074 - root - DEBUG - Working with disease Hypothyroidism with total 35063 prescriptions
2019-06-22 21:23:28,224 - root - DEBUG - Working with disease Reduced mobility with total 694 prescriptions
2019-06-22 21:23:29,049 - root - DEBUG - Working with disease Jaundice with total 0 prescriptions
2019-06-22 21:23:29,868 - root - DEBUG - Working with disease Lack of energy with total 0 prescriptions
2019-06-22 21:23:30,722 - root - DEBUG - Working with disease Joint pain with total 78951 prescriptions
2019-06-22 21:23:32,202 - root - DEBUG - Working with disease Vertigo with total 17106 prescriptions
2019-06-22 21:23:33,287 - root - DEBUG - Working with disease Headache with total 321365 prescriptions
2019-06-22 21:23:39,618 - root - DEBUG - Working with disease Tinnitus with total 0 prescriptions
2019-06-22 21:23:40,470 - root - DEBUG - Working with disease Decrease in appetite with total 0 prescriptions
2019-06-22 21:23:41,341 - root - DEBUG - Working with disease Insomnia with total 69208 prescriptions
2019-06-22 21:23:42,681 - root - DEBUG - Working with disease Multiple sclerosis with total 2108 prescriptions
2019-06-22 21:23:43,577 - root - DEBUG - Working with disease Dry skin with total 156696 prescriptions
2019-06-22 21:23:45,851 - root - DEBUG - Working with disease Blood in urine with total 0 prescriptions
2019-06-22 21:23:46,684 - root - DEBUG - Working with disease Increased frequency of urination with total 0 prescriptions
2019-06-22 21:23:47,521 - root - DEBUG - Working with disease Muscle weakness with total 0 prescriptions
2019-06-22 21:23:48,356 - root - DEBUG - Working with disease Itching with total 28998 prescriptions
2019-06-22 21:23:49,513 - root - DEBUG - Working with disease Hypersomnia with total 0 prescriptions
2019-06-22 21:23:50,338 - root - DEBUG - Working with disease Sharp pain with total 0 prescriptions
2019-06-22 21:23:51,180 - root - DEBUG - Working with disease Hoarse with total 0 prescriptions
2019-06-22 21:23:52,002 - root - DEBUG - Working with disease Swollen abdomen with total 0 prescriptions
2019-06-22 21:23:52,846 - root - DEBUG - Working with disease Loss of interest with total 0 prescriptions
2019-06-22 21:23:53,689 - root - DEBUG - Working with disease Forgetful with total 0 prescriptions
2019-06-22 21:23:54,539 - root - DEBUG - Working with disease Pins and needles with total 0 prescriptions
2019-06-22 21:23:55,367 - root - DEBUG - Working with disease Irritable bowel syndrome with total 0 prescriptions
2019-06-22 21:23:56,216 - root - DEBUG - Working with disease Weight loss with total 9210 prescriptions
2019-06-22 21:23:57,196 - root - DEBUG - Working with disease Chronic pain with total 146992 prescriptions
2019-06-22 21:23:59,333 - root - DEBUG - Working with disease Lethargy with total 0 prescriptions
2019-06-22 21:24:00,172 - root - DEBUG - Working with disease Depressed mood with total 0 prescriptions
2019-06-22 21:24:01,001 - root - DEBUG - Working with disease Vomiting with total 0 prescriptions
2019-06-22 21:24:01,850 - root - DEBUG - Working with disease Constipation with total 31122 prescriptions
2019-06-22 21:24:03,005 - root - DEBUG - Working with disease Crying associated with mood with total 0 prescriptions
2019-06-22 21:24:03,835 - root - DEBUG - Working with disease Rheumatoid arthritis with total 0 prescriptions
2019-06-22 21:24:04,688 - root - DEBUG - Working with disease Hallucinations with total 0 prescriptions
2019-06-22 21:24:05,534 - root - DEBUG - Working with disease Increased appetite with total 0 prescriptions
2019-06-22 21:24:06,371 - root - DEBUG - Working with disease Memory impairment with total 0 prescriptions
2019-06-22 21:24:07,205 - root - DEBUG - Working with disease Otalgia with total 0 prescriptions
2019-06-22 21:24:08,091 - root - DEBUG - Working with disease Arthritis with total 290504 prescriptions
2019-06-22 21:24:13,578 - root - DEBUG - Working with disease Scalp itchy with total 0 prescriptions
2019-06-22 21:24:14,421 - root - DEBUG - Working with disease Slurred speech with total 0 prescriptions
2019-06-22 21:24:15,258 - root - DEBUG - Working with disease Frequent defecation with total 0 prescriptions
2019-06-22 21:24:16,075 - root - DEBUG - Working with disease Cannot sleep at all with total 0 prescriptions
2019-06-22 21:24:16,887 - root - DEBUG - Working with disease Pain in pelvis with total 0 prescriptions
2019-06-22 21:24:17,735 - root - DEBUG - Working with disease Fatigue with total 7287 prescriptions
2019-06-22 21:24:18,636 - root - DEBUG - Working with disease Pain in throat with total 0 prescriptions
2019-06-22 21:24:19,472 - root - DEBUG - Working with disease Feeling irritable with total 0 prescriptions
2019-06-22 21:24:20,289 - root - DEBUG - Working with disease Anger reaction with total 0 prescriptions
2019-06-22 21:24:21,106 - root - DEBUG - Working with disease Muscle rigidity with total 0 prescriptions
2019-06-22 21:24:21,923 - root - DEBUG - Working with disease Syncope with total 6321 prescriptions
2019-06-22 21:24:22,834 - root - DEBUG - Working with disease Itching of skin with total 0 prescriptions
2019-06-22 21:24:23,670 - root - DEBUG - Working with disease Chronic fatigue syndrome with total 0 prescriptions
2019-06-22 21:24:24,564 - root - DEBUG - Working with disease Foot pain with total 316750 prescriptions
2019-06-22 21:24:30,784 - root - DEBUG - Working with disease Nausea with total 29695 prescriptions
2019-06-22 21:24:31,905 - root - DEBUG - Working with disease Amnesia with total 0 prescriptions
2019-06-22 21:24:32,722 - root - DEBUG - Working with disease Stiffness with total 0 prescriptions
2019-06-22 21:24:33,551 - root - DEBUG - Working with disease Poor short-term memory with total 0 prescriptions
2019-06-22 21:24:34,357 - root - DEBUG - Working with disease Suicidal with total 214 prescriptions
2019-06-22 21:24:35,175 - root - DEBUG - Working with disease Hearing loss with total 0 prescriptions
2019-06-22 21:24:36,085 - root - DEBUG - Working with disease Fever with total 427074 prescriptions
2019-06-22 21:24:42,943 - root - DEBUG - Working with disease Abdominal bloating with total 0 prescriptions
2019-06-22 21:24:43,750 - root - DEBUG - Working with disease Muscle fatigue with total 0 prescriptions
2019-06-22 21:24:44,574 - root - DEBUG - Working with disease Knee pain with total 0 prescriptions
2019-06-22 21:24:45,408 - root - DEBUG - Working with disease Impaired cognition with total 0 prescriptions
2019-06-22 21:24:46,250 - root - DEBUG - Working with disease Feeling lonely with total 0 prescriptions
2019-06-22 21:24:47,067 - root - DEBUG - Working with disease Difficulty swallowing with total 0 prescriptions
2019-06-22 21:24:47,960 - root - DEBUG - Working with disease Edema with total 345907 prescriptions
2019-06-22 21:24:54,364 - root - DEBUG - Working with disease Asthenia with total 0 prescriptions
2019-06-22 21:24:55,185 - root - DEBUG - Working with disease Urinary incontinence with total 2540 prescriptions
2019-06-22 21:24:56,049 - root - DEBUG - Working with disease Kidney stone with total 25 prescriptions
2019-06-22 21:24:56,850 - root - DEBUG - Working with disease Poor concentration with total 0 prescriptions
2019-06-22 21:24:57,671 - root - DEBUG - Working with disease Abnormal sexual function with total 0 prescriptions
2019-06-22 21:24:58,485 - root - DEBUG - Working with disease Dizziness with total 0 prescriptions
2019-06-22 21:24:59,402 - root - DEBUG - Working with disease Anxiety with total 495156 prescriptions
2019-06-22 21:25:06,233 - root - DEBUG - Working with disease Exhaustion with total 0 prescriptions
2019-06-22 21:25:07,104 - root - DEBUG - Working with disease Diarrhea with total 269782 prescriptions
2019-06-22 21:25:10,792 - root - DEBUG - Working with 201012 month
2019-06-22 21:25:57,349 - root - DEBUG - Working with disease Impairment level of vision with total 0 prescriptions
2019-06-22 21:25:58,185 - root - DEBUG - Working with disease Backache with total 2797 prescriptions
2019-06-22 21:25:59,036 - root - DEBUG - Working with disease Dyssomnia with total 0 prescriptions
2019-06-22 21:25:59,890 - root - DEBUG - Working with disease Loss of hair with total 0 prescriptions
2019-06-22 21:26:00,716 - root - DEBUG - Working with disease Mood swings with total 0 prescriptions
2019-06-22 21:26:01,569 - root - DEBUG - Working with disease Tired with total 0 prescriptions
2019-06-22 21:26:02,384 - root - DEBUG - Working with disease Weight gain with total 0 prescriptions
2019-06-22 21:26:03,212 - root - DEBUG - Working with disease Emotional upset with total 0 prescriptions
2019-06-22 21:26:04,061 - root - DEBUG - Working with disease Disorientated with total 0 prescriptions
2019-06-22 21:26:04,913 - root - DEBUG - Working with disease Clouded consciousness with total 0 prescriptions
2019-06-22 21:26:05,748 - root - DEBUG - Working with disease Stomach ache with total 0 prescriptions
2019-06-22 21:26:06,572 - root - DEBUG - Working with disease Increased thirst with total 0 prescriptions
2019-06-22 21:26:07,423 - root - DEBUG - Working with disease Sleep deprivation with total 0 prescriptions
2019-06-22 21:26:08,301 - root - DEBUG - Working with disease Heartburn with total 14631 prescriptions
2019-06-22 21:26:09,329 - root - DEBUG - Working with disease Abdominal pain with total 0 prescriptions
2019-06-22 21:26:10,185 - root - DEBUG - Working with disease Swelling with total 0 prescriptions
2019-06-22 21:26:11,018 - root - DEBUG - Working with disease Feeling agitated with total 0 prescriptions
2019-06-22 21:26:11,868 - root - DEBUG - Working with disease Impairment of balance with total 0 prescriptions
2019-06-22 21:26:12,699 - root - DEBUG - Working with disease Paresthesia with total 0 prescriptions
2019-06-22 21:26:13,525 - root - DEBUG - Working with disease Blurring of visual image with total 0 prescriptions
2019-06-22 21:26:14,353 - root - DEBUG - Working with disease Feeling angry with total 0 prescriptions
2019-06-22 21:26:15,198 - root - DEBUG - Working with disease Loss of appetite with total 0 prescriptions
2019-06-22 21:26:16,066 - root - DEBUG - Working with disease Pain with total 0 prescriptions
2019-06-22 21:26:16,883 - root - DEBUG - Working with disease Tremor with total 5198 prescriptions
2019-06-22 21:26:17,783 - root - DEBUG - Working with disease Rectal hemorrhage with total 0 prescriptions
2019-06-22 21:26:18,602 - root - DEBUG - Working with disease Abnormal gait with total 0 prescriptions
2019-06-22 21:26:19,446 - root - DEBUG - Working with disease Impotence with total 53304 prescriptions
2019-06-22 21:26:20,692 - root - DEBUG - Working with disease Eruption of skin with total 0 prescriptions
2019-06-22 21:26:21,519 - root - DEBUG - Working with disease Feeling hopeless with total 0 prescriptions
2019-06-22 21:26:22,335 - root - DEBUG - Working with disease Indigestion with total 0 prescriptions
2019-06-22 21:26:23,167 - root - DEBUG - Working with disease Parkinson's disease with total 44307 prescriptions
2019-06-22 21:26:24,392 - root - DEBUG - Working with disease Trigeminal neuralgia with total 0 prescriptions
2019-06-22 21:26:25,239 - root - DEBUG - Working with disease Bowel dysfunction with total 0 prescriptions
2019-06-22 21:26:26,106 - root - DEBUG - Working with disease Parkinsonism with total 8941 prescriptions
2019-06-22 21:26:27,062 - root - DEBUG - Working with disease Delusional disorder with total 0 prescriptions
2019-06-22 21:26:27,952 - root - DEBUG - Working with disease Muscle pain with total 86045 prescriptions
2019-06-22 21:26:29,415 - root - DEBUG - Working with disease Restlessness with total 4085 prescriptions
2019-06-22 21:26:30,280 - root - DEBUG - Working with disease Malaise with total 0 prescriptions
2019-06-22 21:26:31,107 - root - DEBUG - Working with disease Thoughts of self harm with total 0 prescriptions
2019-06-22 21:26:31,951 - root - DEBUG - Working with disease Dementia with total 49236 prescriptions
2019-06-22 21:26:33,226 - root - DEBUG - Working with disease Depressive disorder with total 88395 prescriptions
2019-06-22 21:26:34,705 - root - DEBUG - Working with disease Hypothyroidism with total 35657 prescriptions
2019-06-22 21:26:35,839 - root - DEBUG - Working with disease Reduced mobility with total 768 prescriptions
2019-06-22 21:26:36,680 - root - DEBUG - Working with disease Jaundice with total 0 prescriptions
2019-06-22 21:26:37,516 - root - DEBUG - Working with disease Lack of energy with total 0 prescriptions
2019-06-22 21:26:38,374 - root - DEBUG - Working with disease Joint pain with total 81407 prescriptions
2019-06-22 21:26:39,846 - root - DEBUG - Working with disease Vertigo with total 17035 prescriptions
2019-06-22 21:26:40,921 - root - DEBUG - Working with disease Headache with total 328160 prescriptions
2019-06-22 21:26:47,284 - root - DEBUG - Working with disease Tinnitus with total 0 prescriptions
2019-06-22 21:26:48,124 - root - DEBUG - Working with disease Decrease in appetite with total 0 prescriptions
2019-06-22 21:26:48,968 - root - DEBUG - Working with disease Insomnia with total 69751 prescriptions
2019-06-22 21:26:50,317 - root - DEBUG - Working with disease Multiple sclerosis with total 2178 prescriptions
2019-06-22 21:26:51,196 - root - DEBUG - Working with disease Dry skin with total 156921 prescriptions
2019-06-22 21:26:53,445 - root - DEBUG - Working with disease Blood in urine with total 0 prescriptions
2019-06-22 21:26:54,281 - root - DEBUG - Working with disease Increased frequency of urination with total 0 prescriptions
2019-06-22 21:26:55,106 - root - DEBUG - Working with disease Muscle weakness with total 0 prescriptions
2019-06-22 21:26:55,964 - root - DEBUG - Working with disease Itching with total 28330 prescriptions
2019-06-22 21:26:57,110 - root - DEBUG - Working with disease Hypersomnia with total 0 prescriptions
2019-06-22 21:26:57,956 - root - DEBUG - Working with disease Sharp pain with total 0 prescriptions
2019-06-22 21:26:58,777 - root - DEBUG - Working with disease Hoarse with total 0 prescriptions
2019-06-22 21:26:59,607 - root - DEBUG - Working with disease Swollen abdomen with total 0 prescriptions
2019-06-22 21:27:00,441 - root - DEBUG - Working with disease Loss of interest with total 0 prescriptions
2019-06-22 21:27:01,278 - root - DEBUG - Working with disease Forgetful with total 0 prescriptions
2019-06-22 21:27:02,120 - root - DEBUG - Working with disease Pins and needles with total 0 prescriptions
2019-06-22 21:27:02,932 - root - DEBUG - Working with disease Irritable bowel syndrome with total 0 prescriptions
2019-06-22 21:27:03,767 - root - DEBUG - Working with disease Weight loss with total 8961 prescriptions
2019-06-22 21:27:04,747 - root - DEBUG - Working with disease Chronic pain with total 149263 prescriptions
2019-06-22 21:27:06,916 - root - DEBUG - Working with disease Lethargy with total 0 prescriptions
2019-06-22 21:27:07,746 - root - DEBUG - Working with disease Depressed mood with total 0 prescriptions
2019-06-22 21:27:08,573 - root - DEBUG - Working with disease Vomiting with total 0 prescriptions
2019-06-22 21:27:09,425 - root - DEBUG - Working with disease Constipation with total 31187 prescriptions
2019-06-22 21:27:10,555 - root - DEBUG - Working with disease Crying associated with mood with total 0 prescriptions
2019-06-22 21:27:11,411 - root - DEBUG - Working with disease Rheumatoid arthritis with total 0 prescriptions
2019-06-22 21:27:12,287 - root - DEBUG - Working with disease Hallucinations with total 0 prescriptions
2019-06-22 21:27:13,131 - root - DEBUG - Working with disease Increased appetite with total 0 prescriptions
2019-06-22 21:27:13,965 - root - DEBUG - Working with disease Memory impairment with total 0 prescriptions
2019-06-22 21:27:14,789 - root - DEBUG - Working with disease Otalgia with total 0 prescriptions
2019-06-22 21:27:15,700 - root - DEBUG - Working with disease Arthritis with total 288679 prescriptions
2019-06-22 21:27:21,132 - root - DEBUG - Working with disease Scalp itchy with total 0 prescriptions
2019-06-22 21:27:21,962 - root - DEBUG - Working with disease Slurred speech with total 0 prescriptions
2019-06-22 21:27:22,806 - root - DEBUG - Working with disease Frequent defecation with total 0 prescriptions
2019-06-22 21:27:23,645 - root - DEBUG - Working with disease Cannot sleep at all with total 0 prescriptions
2019-06-22 21:27:24,485 - root - DEBUG - Working with disease Pain in pelvis with total 0 prescriptions
2019-06-22 21:27:25,333 - root - DEBUG - Working with disease Fatigue with total 7498 prescriptions
2019-06-22 21:27:26,273 - root - DEBUG - Working with disease Pain in throat with total 0 prescriptions
2019-06-22 21:27:27,105 - root - DEBUG - Working with disease Feeling irritable with total 0 prescriptions
2019-06-22 21:27:27,952 - root - DEBUG - Working with disease Anger reaction with total 0 prescriptions
2019-06-22 21:27:28,796 - root - DEBUG - Working with disease Muscle rigidity with total 0 prescriptions
2019-06-22 21:27:29,669 - root - DEBUG - Working with disease Syncope with total 6609 prescriptions
2019-06-22 21:27:30,589 - root - DEBUG - Working with disease Itching of skin with total 0 prescriptions
2019-06-22 21:27:31,435 - root - DEBUG - Working with disease Chronic fatigue syndrome with total 0 prescriptions
2019-06-22 21:27:32,340 - root - DEBUG - Working with disease Foot pain with total 315332 prescriptions
2019-06-22 21:27:38,487 - root - DEBUG - Working with disease Nausea with total 30253 prescriptions
2019-06-22 21:27:39,609 - root - DEBUG - Working with disease Amnesia with total 0 prescriptions
2019-06-22 21:27:40,436 - root - DEBUG - Working with disease Stiffness with total 0 prescriptions
2019-06-22 21:27:41,279 - root - DEBUG - Working with disease Poor short-term memory with total 0 prescriptions
2019-06-22 21:27:42,109 - root - DEBUG - Working with disease Suicidal with total 217 prescriptions
2019-06-22 21:27:42,922 - root - DEBUG - Working with disease Hearing loss with total 0 prescriptions
2019-06-22 21:27:43,848 - root - DEBUG - Working with disease Fever with total 442046 prescriptions
2019-06-22 21:27:50,869 - root - DEBUG - Working with disease Abdominal bloating with total 0 prescriptions
2019-06-22 21:27:51,696 - root - DEBUG - Working with disease Muscle fatigue with total 0 prescriptions
2019-06-22 21:27:52,557 - root - DEBUG - Working with disease Knee pain with total 0 prescriptions
2019-06-22 21:27:53,399 - root - DEBUG - Working with disease Impaired cognition with total 0 prescriptions
2019-06-22 21:27:54,247 - root - DEBUG - Working with disease Feeling lonely with total 0 prescriptions
2019-06-22 21:27:55,061 - root - DEBUG - Working with disease Difficulty swallowing with total 0 prescriptions
2019-06-22 21:27:55,973 - root - DEBUG - Working with disease Edema with total 351723 prescriptions
2019-06-22 21:28:02,333 - root - DEBUG - Working with disease Asthenia with total 0 prescriptions
2019-06-22 21:28:03,157 - root - DEBUG - Working with disease Urinary incontinence with total 2569 prescriptions
2019-06-22 21:28:04,008 - root - DEBUG - Working with disease Kidney stone with total 23 prescriptions
2019-06-22 21:28:04,830 - root - DEBUG - Working with disease Poor concentration with total 0 prescriptions
2019-06-22 21:28:05,667 - root - DEBUG - Working with disease Abnormal sexual function with total 0 prescriptions
2019-06-22 21:28:06,493 - root - DEBUG - Working with disease Dizziness with total 0 prescriptions
2019-06-22 21:28:07,397 - root - DEBUG - Working with disease Anxiety with total 502901 prescriptions
2019-06-22 21:28:14,248 - root - DEBUG - Working with disease Exhaustion with total 0 prescriptions
2019-06-22 21:28:15,119 - root - DEBUG - Working with disease Diarrhea with total 271343 prescriptions
